2021-02-01T00:00:01.369279+05:30 hpcsa3-srv systemd: Created slice User Slice of root.
2021-02-01T00:00:01.369852+05:30 hpcsa3-srv systemd: Starting update of the root trust anchor for DNSSEC validation in unbound...
2021-02-01T00:00:01.372255+05:30 hpcsa3-srv systemd: Started Session 241 of user root.
2021-02-01T00:00:01.385438+05:30 hpcsa3-srv systemd: Removed slice User Slice of root.
2021-02-01T00:00:01.744870+05:30 hpcsa3-srv systemd: Started update of the root trust anchor for DNSSEC validation in unbound.
2021-02-01T00:01:01.395992+05:30 hpcsa3-srv systemd: Created slice User Slice of root.
2021-02-01T00:01:01.398018+05:30 hpcsa3-srv systemd: Started Session 242 of user root.
2021-02-01T00:01:01.422210+05:30 hpcsa3-srv systemd: Removed slice User Slice of root.
2021-02-01T00:01:46.524971+05:30 hpcsa3-srv systemd: Starting Network Manager Script Dispatcher Service...
2021-02-01T00:01:46.531935+05:30 hpcsa3-srv systemd: Started Network Manager Script Dispatcher Service.
2021-02-01T00:10:01.439499+05:30 hpcsa3-srv systemd: Created slice User Slice of root.
2021-02-01T00:10:01.441213+05:30 hpcsa3-srv systemd: Started Session 243 of user root.
2021-02-01T00:10:01.453956+05:30 hpcsa3-srv systemd: Removed slice User Slice of root.
2021-02-01T00:10:12.888115+05:30 hpcsa3-srv systemd: Starting Network Manager Script Dispatcher Service...
2021-02-01T00:10:12.893795+05:30 hpcsa3-srv systemd: Started Network Manager Script Dispatcher Service.
2021-02-01T00:14:18.953110+05:30 hpcsa3-srv systemd: Starting Network Manager Script Dispatcher Service...
2021-02-01T00:14:18.958833+05:30 hpcsa3-srv systemd: Started Network Manager Script Dispatcher Service.
2021-02-01T00:20:01.470813+05:30 hpcsa3-srv systemd: Created slice User Slice of root.
2021-02-01T00:20:01.472664+05:30 hpcsa3-srv systemd: Started Session 244 of user root.
2021-02-01T00:20:01.486231+05:30 hpcsa3-srv systemd: Removed slice User Slice of root.
2021-02-01T00:22:31.627656+05:30 hpcsa3-srv systemd: Starting Network Manager Script Dispatcher Service...
2021-02-01T00:22:31.633363+05:30 hpcsa3-srv systemd: Started Network Manager Script Dispatcher Service.
2021-02-01T00:26:21.079068+05:30 hpcsa3-srv systemd: Starting Network Manager Script Dispatcher Service...
2021-02-01T00:26:21.084503+05:30 hpcsa3-srv systemd: Started Network Manager Script Dispatcher Service.
2021-02-01T00:30:01.500709+05:30 hpcsa3-srv systemd: Created slice User Slice of root.
2021-02-01T00:30:01.502685+05:30 hpcsa3-srv systemd: Started Session 245 of user root.
2021-02-01T00:30:01.517887+05:30 hpcsa3-srv systemd: Removed slice User Slice of root.
2021-02-01T00:36:27.437441+05:30 hpcsa3-srv systemd: Starting Network Manager Script Dispatcher Service...
2021-02-01T00:36:27.443467+05:30 hpcsa3-srv systemd: Started Network Manager Script Dispatcher Service.
2021-02-01T00:37:07.776851+05:30 hpcsa3-srv systemd: Starting Network Manager Script Dispatcher Service...
2021-02-01T00:37:07.782664+05:30 hpcsa3-srv systemd: Started Network Manager Script Dispatcher Service.
2021-02-01T00:39:39.541582+05:30 hpcsa3-srv systemd: Starting Network Manager Script Dispatcher Service...
2021-02-01T00:39:39.546995+05:30 hpcsa3-srv systemd: Started Network Manager Script Dispatcher Service.
2021-02-01T00:40:01.531301+05:30 hpcsa3-srv systemd: Created slice User Slice of root.
2021-02-01T00:40:01.533354+05:30 hpcsa3-srv systemd: Started Session 246 of user root.
2021-02-01T00:40:01.548917+05:30 hpcsa3-srv systemd: Removed slice User Slice of root.
2021-02-01T00:49:30.287940+05:30 hpcsa3-srv systemd: Starting Network Manager Script Dispatcher Service...
2021-02-01T00:49:30.293765+05:30 hpcsa3-srv systemd: Started Network Manager Script Dispatcher Service.
2021-02-01T00:50:01.564315+05:30 hpcsa3-srv systemd: Created slice User Slice of root.
2021-02-01T00:50:01.566274+05:30 hpcsa3-srv systemd: Started Session 247 of user root.
2021-02-01T00:50:01.581285+05:30 hpcsa3-srv systemd: Removed slice User Slice of root.
2021-02-01T00:53:16.668092+05:30 hpcsa3-srv systemd: Starting Network Manager Script Dispatcher Service...
2021-02-01T00:53:16.673869+05:30 hpcsa3-srv systemd: Started Network Manager Script Dispatcher Service.
2021-02-01T01:00:01.595631+05:30 hpcsa3-srv systemd: Created slice User Slice of root.
2021-02-01T01:00:01.597705+05:30 hpcsa3-srv systemd: Started Session 248 of user root.
2021-02-01T01:00:01.611003+05:30 hpcsa3-srv systemd: Removed slice User Slice of root.
2021-02-01T01:01:01.620396+05:30 hpcsa3-srv systemd: Created slice User Slice of root.
2021-02-01T01:01:01.622216+05:30 hpcsa3-srv systemd: Started Session 249 of user root.
2021-02-01T01:01:01.648123+05:30 hpcsa3-srv systemd: Removed slice User Slice of root.
2021-02-01T01:03:18.026562+05:30 hpcsa3-srv systemd: Starting Network Manager Script Dispatcher Service...
2021-02-01T01:03:18.032133+05:30 hpcsa3-srv systemd: Started Network Manager Script Dispatcher Service.
2021-02-01T01:07:09.299336+05:30 hpcsa3-srv systemd: Starting Network Manager Script Dispatcher Service...
2021-02-01T01:07:09.305016+05:30 hpcsa3-srv systemd: Started Network Manager Script Dispatcher Service.
2021-02-01T01:10:01.663249+05:30 hpcsa3-srv systemd: Created slice User Slice of root.
2021-02-01T01:10:01.665169+05:30 hpcsa3-srv systemd: Started Session 250 of user root.
2021-02-01T01:10:01.679866+05:30 hpcsa3-srv systemd: Removed slice User Slice of root.
2021-02-01T01:17:20.422203+05:30 hpcsa3-srv systemd: Starting Network Manager Script Dispatcher Service...
2021-02-01T01:17:20.427833+05:30 hpcsa3-srv systemd: Started Network Manager Script Dispatcher Service.
2021-02-01T01:18:49.412717+05:30 hpcsa3-srv systemd: Starting Network Manager Script Dispatcher Service...
2021-02-01T01:18:49.418229+05:30 hpcsa3-srv systemd: Started Network Manager Script Dispatcher Service.
2021-02-01T01:20:01.697591+05:30 hpcsa3-srv systemd: Created slice User Slice of root.
2021-02-01T01:20:01.699547+05:30 hpcsa3-srv systemd: Started Session 251 of user root.
2021-02-01T01:20:01.711935+05:30 hpcsa3-srv systemd: Removed slice User Slice of root.
2021-02-01T01:29:32.865735+05:30 hpcsa3-srv systemd: Starting Network Manager Script Dispatcher Service...
2021-02-01T01:29:32.871337+05:30 hpcsa3-srv systemd: Started Network Manager Script Dispatcher Service.
2021-02-01T01:30:01.732008+05:30 hpcsa3-srv systemd: Created slice User Slice of root.
2021-02-01T01:30:01.733965+05:30 hpcsa3-srv systemd: Started Session 252 of user root.
2021-02-01T01:30:01.747333+05:30 hpcsa3-srv systemd: Removed slice User Slice of root.
2021-02-01T01:33:17.715837+05:30 hpcsa3-srv systemd: Starting Network Manager Script Dispatcher Service...
2021-02-01T01:33:17.721250+05:30 hpcsa3-srv systemd: Started Network Manager Script Dispatcher Service.
2021-02-01T01:40:01.763079+05:30 hpcsa3-srv systemd: Created slice User Slice of root.
2021-02-01T01:40:01.765102+05:30 hpcsa3-srv systemd: Started Session 253 of user root.
2021-02-01T01:40:01.781165+05:30 hpcsa3-srv systemd: Removed slice User Slice of root.
2021-02-01T01:42:40.183929+05:30 hpcsa3-srv systemd: Starting Network Manager Script Dispatcher Service...
2021-02-01T01:42:40.189424+05:30 hpcsa3-srv systemd: Started Network Manager Script Dispatcher Service.
2021-02-01T01:44:51.223388+05:30 hpcsa3-srv systemd: Starting Network Manager Script Dispatcher Service...
2021-02-01T01:44:51.229551+05:30 hpcsa3-srv systemd: Started Network Manager Script Dispatcher Service.
2021-02-01T01:50:01.798737+05:30 hpcsa3-srv systemd: Created slice User Slice of root.
2021-02-01T01:50:01.800605+05:30 hpcsa3-srv systemd: Started Session 254 of user root.
2021-02-01T01:50:01.816631+05:30 hpcsa3-srv systemd: Removed slice User Slice of root.
2021-02-01T01:56:44.670007+05:30 hpcsa3-srv systemd: Starting Network Manager Script Dispatcher Service...
2021-02-01T01:56:44.675880+05:30 hpcsa3-srv systemd: Started Network Manager Script Dispatcher Service.
2021-02-01T01:59:27.142764+05:30 hpcsa3-srv systemd: Starting Network Manager Script Dispatcher Service...
2021-02-01T01:59:27.148129+05:30 hpcsa3-srv systemd: Started Network Manager Script Dispatcher Service.
2021-02-01T02:00:01.831236+05:30 hpcsa3-srv systemd: Created slice User Slice of root.
2021-02-01T02:00:01.833471+05:30 hpcsa3-srv systemd: Started Session 255 of user root.
2021-02-01T02:00:01.846419+05:30 hpcsa3-srv systemd: Removed slice User Slice of root.
2021-02-01T02:01:01.856274+05:30 hpcsa3-srv systemd: Created slice User Slice of root.
2021-02-01T02:01:01.858286+05:30 hpcsa3-srv systemd: Started Session 256 of user root.
2021-02-01T02:01:01.883816+05:30 hpcsa3-srv systemd: Removed slice User Slice of root.
2021-02-01T02:10:01.901609+05:30 hpcsa3-srv systemd: Created slice User Slice of root.
2021-02-01T02:10:01.903687+05:30 hpcsa3-srv systemd: Started Session 257 of user root.
2021-02-01T02:10:01.916413+05:30 hpcsa3-srv systemd: Removed slice User Slice of root.
2021-02-01T02:10:34.926012+05:30 hpcsa3-srv systemd: Starting Network Manager Script Dispatcher Service...
2021-02-01T02:10:34.931764+05:30 hpcsa3-srv systemd: Started Network Manager Script Dispatcher Service.
2021-02-01T02:12:11.000939+05:30 hpcsa3-srv systemd: Starting Network Manager Script Dispatcher Service...
2021-02-01T02:12:11.006604+05:30 hpcsa3-srv systemd: Started Network Manager Script Dispatcher Service.
2021-02-01T02:20:01.934163+05:30 hpcsa3-srv systemd: Created slice User Slice of root.
2021-02-01T02:20:01.936190+05:30 hpcsa3-srv systemd: Started Session 258 of user root.
2021-02-01T02:20:01.950882+05:30 hpcsa3-srv systemd: Removed slice User Slice of root.
2021-02-01T02:21:54.671753+05:30 hpcsa3-srv systemd: Starting Network Manager Script Dispatcher Service...
2021-02-01T02:21:54.677441+05:30 hpcsa3-srv systemd: Started Network Manager Script Dispatcher Service.
2021-02-01T02:24:39.466020+05:30 hpcsa3-srv systemd: Starting Network Manager Script Dispatcher Service...
2021-02-01T02:24:39.474741+05:30 hpcsa3-srv systemd: Started Network Manager Script Dispatcher Service.
2021-02-01T02:30:01.969639+05:30 hpcsa3-srv systemd: Created slice User Slice of root.
2021-02-01T02:30:01.971450+05:30 hpcsa3-srv systemd: Started Session 259 of user root.
2021-02-01T02:30:01.986121+05:30 hpcsa3-srv systemd: Removed slice User Slice of root.
2021-02-01T02:35:40.194389+05:30 hpcsa3-srv systemd: Starting Network Manager Script Dispatcher Service...
2021-02-01T02:35:40.200130+05:30 hpcsa3-srv systemd: Started Network Manager Script Dispatcher Service.
2021-02-01T02:38:08.235571+05:30 hpcsa3-srv systemd: Starting Network Manager Script Dispatcher Service...
2021-02-01T02:38:08.240609+05:30 hpcsa3-srv systemd: Started Network Manager Script Dispatcher Service.
2021-02-01T02:40:02.001550+05:30 hpcsa3-srv systemd: Created slice User Slice of root.
2021-02-01T02:40:02.003501+05:30 hpcsa3-srv systemd: Started Session 260 of user root.
2021-02-01T02:40:02.016377+05:30 hpcsa3-srv systemd: Removed slice User Slice of root.
2021-02-01T02:50:01.035138+05:30 hpcsa3-srv systemd: Created slice User Slice of root.
2021-02-01T02:50:01.037351+05:30 hpcsa3-srv systemd: Started Session 261 of user root.
2021-02-01T02:50:01.049740+05:30 hpcsa3-srv systemd: Removed slice User Slice of root.
2021-02-01T02:50:12.512297+05:30 hpcsa3-srv systemd: Starting Network Manager Script Dispatcher Service...
2021-02-01T02:50:12.517660+05:30 hpcsa3-srv systemd: Started Network Manager Script Dispatcher Service.
2021-02-01T02:51:33.346972+05:30 hpcsa3-srv systemd: Starting Network Manager Script Dispatcher Service...
2021-02-01T02:51:33.352950+05:30 hpcsa3-srv systemd: Started Network Manager Script Dispatcher Service.
2021-02-01T03:00:01.067590+05:30 hpcsa3-srv systemd: Created slice User Slice of root.
2021-02-01T03:00:01.069484+05:30 hpcsa3-srv systemd: Started Session 262 of user root.
2021-02-01T03:00:01.083913+05:30 hpcsa3-srv systemd: Removed slice User Slice of root.
2021-02-01T03:01:01.092705+05:30 hpcsa3-srv systemd: Created slice User Slice of root.
2021-02-01T03:01:01.095038+05:30 hpcsa3-srv systemd: Started Session 263 of user root.
2021-02-01T03:02:51.764218+05:30 hpcsa3-srv systemd: Starting Network Manager Script Dispatcher Service...
2021-02-01T03:02:51.769541+05:30 hpcsa3-srv systemd: Started Network Manager Script Dispatcher Service.
2021-02-01T03:06:34.571480+05:30 hpcsa3-srv systemd: Starting Network Manager Script Dispatcher Service...
2021-02-01T03:06:34.579265+05:30 hpcsa3-srv systemd: Started Network Manager Script Dispatcher Service.
2021-02-01T03:10:01.130792+05:30 hpcsa3-srv systemd: Started Session 264 of user root.
2021-02-01T03:15:20.316565+05:30 hpcsa3-srv systemd: Starting Network Manager Script Dispatcher Service...
2021-02-01T03:15:20.322674+05:30 hpcsa3-srv systemd: Started Network Manager Script Dispatcher Service.
2021-02-01T03:20:01.161341+05:30 hpcsa3-srv systemd: Started Session 265 of user root.
2021-02-01T03:21:30.030102+05:30 hpcsa3-srv systemd: Starting Network Manager Script Dispatcher Service...
2021-02-01T03:21:30.035587+05:30 hpcsa3-srv systemd: Started Network Manager Script Dispatcher Service.
2021-02-01T03:27:00.734188+05:30 hpcsa3-srv systemd: Starting Network Manager Script Dispatcher Service...
2021-02-01T03:27:00.740027+05:30 hpcsa3-srv systemd: Started Network Manager Script Dispatcher Service.
2021-02-01T03:30:01.189579+05:30 hpcsa3-srv systemd: Started Session 266 of user root.
2021-02-01T03:33:01.342805+05:30 hpcsa3-srv systemd: Removed slice User Slice of root.
2021-02-01T03:35:56.732280+05:30 hpcsa3-srv systemd: Starting Network Manager Script Dispatcher Service...
2021-02-01T03:35:56.738193+05:30 hpcsa3-srv systemd: Started Network Manager Script Dispatcher Service.
2021-02-01T03:38:35.761819+05:30 hpcsa3-srv systemd: Starting Network Manager Script Dispatcher Service...
2021-02-01T03:38:35.767130+05:30 hpcsa3-srv systemd: Started Network Manager Script Dispatcher Service.
2021-02-01T03:40:01.240567+05:30 hpcsa3-srv systemd: Created slice User Slice of root.
2021-02-01T03:40:01.242665+05:30 hpcsa3-srv systemd: Started Session 267 of user root.
2021-02-01T03:40:01.256844+05:30 hpcsa3-srv systemd: Removed slice User Slice of root.
2021-02-01T03:50:01.274846+05:30 hpcsa3-srv systemd: Created slice User Slice of root.
2021-02-01T03:50:01.277709+05:30 hpcsa3-srv systemd: Started Session 268 of user root.
2021-02-01T03:50:01.291787+05:30 hpcsa3-srv systemd: Removed slice User Slice of root.
2021-02-01T03:50:51.880303+05:30 hpcsa3-srv systemd: Starting Network Manager Script Dispatcher Service...
2021-02-01T03:50:51.886722+05:30 hpcsa3-srv systemd: Started Network Manager Script Dispatcher Service.
2021-02-01T03:51:44.938424+05:30 hpcsa3-srv systemd: Starting Network Manager Script Dispatcher Service...
2021-02-01T03:51:44.944427+05:30 hpcsa3-srv systemd: Started Network Manager Script Dispatcher Service.
2021-02-01T04:00:01.309236+05:30 hpcsa3-srv systemd: Created slice User Slice of root.
2021-02-01T04:00:01.311060+05:30 hpcsa3-srv systemd: Started Session 269 of user root.
2021-02-01T04:00:01.326607+05:30 hpcsa3-srv systemd: Removed slice User Slice of root.
2021-02-01T04:01:01.334214+05:30 hpcsa3-srv systemd: Created slice User Slice of root.
2021-02-01T04:01:01.336348+05:30 hpcsa3-srv systemd: Started Session 270 of user root.
2021-02-01T04:01:01.360169+05:30 hpcsa3-srv systemd: Removed slice User Slice of root.
2021-02-01T04:04:15.350404+05:30 hpcsa3-srv systemd: Starting Network Manager Script Dispatcher Service...
2021-02-01T04:04:15.356089+05:30 hpcsa3-srv systemd: Started Network Manager Script Dispatcher Service.
2021-02-01T04:05:08.689693+05:30 hpcsa3-srv systemd: Starting Network Manager Script Dispatcher Service...
2021-02-01T04:05:08.695224+05:30 hpcsa3-srv systemd: Started Network Manager Script Dispatcher Service.
2021-02-01T04:10:01.373751+05:30 hpcsa3-srv systemd: Created slice User Slice of root.
2021-02-01T04:10:01.375481+05:30 hpcsa3-srv systemd: Started Session 271 of user root.
2021-02-01T04:10:01.391226+05:30 hpcsa3-srv systemd: Removed slice User Slice of root.
2021-02-01T04:17:12.779984+05:30 hpcsa3-srv systemd: Starting Network Manager Script Dispatcher Service...
2021-02-01T04:17:12.786118+05:30 hpcsa3-srv systemd: Started Network Manager Script Dispatcher Service.
2021-02-01T04:19:46.779464+05:30 hpcsa3-srv systemd: Starting Network Manager Script Dispatcher Service...
2021-02-01T04:19:46.785422+05:30 hpcsa3-srv systemd: Started Network Manager Script Dispatcher Service.
2021-02-01T04:20:01.402378+05:30 hpcsa3-srv systemd: Created slice User Slice of root.
2021-02-01T04:20:01.404818+05:30 hpcsa3-srv systemd: Started Session 272 of user root.
2021-02-01T04:20:01.420592+05:30 hpcsa3-srv systemd: Removed slice User Slice of root.
2021-02-01T04:30:01.433880+05:30 hpcsa3-srv systemd: Created slice User Slice of root.
2021-02-01T04:30:01.435336+05:30 hpcsa3-srv systemd: Started Session 273 of user root.
2021-02-01T04:30:01.448523+05:30 hpcsa3-srv systemd: Removed slice User Slice of root.
2021-02-01T04:31:52.027157+05:30 hpcsa3-srv systemd: Starting Network Manager Script Dispatcher Service...
2021-02-01T04:31:52.032333+05:30 hpcsa3-srv systemd: Started Network Manager Script Dispatcher Service.
2021-02-01T04:34:37.260439+05:30 hpcsa3-srv systemd: Starting Network Manager Script Dispatcher Service...
2021-02-01T04:34:37.266278+05:30 hpcsa3-srv systemd: Started Network Manager Script Dispatcher Service.
2021-02-01T04:40:01.464955+05:30 hpcsa3-srv systemd: Created slice User Slice of root.
2021-02-01T04:40:01.466781+05:30 hpcsa3-srv systemd: Started Session 274 of user root.
2021-02-01T04:40:01.480865+05:30 hpcsa3-srv systemd: Removed slice User Slice of root.
2021-02-01T04:46:03.098162+05:30 hpcsa3-srv systemd: Starting Network Manager Script Dispatcher Service...
2021-02-01T04:46:03.104016+05:30 hpcsa3-srv systemd: Started Network Manager Script Dispatcher Service.
2021-02-01T04:46:26.147607+05:30 hpcsa3-srv systemd: Starting Network Manager Script Dispatcher Service...
2021-02-01T04:46:26.153298+05:30 hpcsa3-srv systemd: Started Network Manager Script Dispatcher Service.
2021-02-01T04:50:01.493331+05:30 hpcsa3-srv systemd: Created slice User Slice of root.
2021-02-01T04:50:01.495187+05:30 hpcsa3-srv systemd: Started Session 275 of user root.
2021-02-01T04:50:01.508692+05:30 hpcsa3-srv systemd: Removed slice User Slice of root.
2021-02-01T04:57:52.471225+05:30 hpcsa3-srv systemd: Starting Network Manager Script Dispatcher Service...
2021-02-01T04:57:52.476456+05:30 hpcsa3-srv systemd: Started Network Manager Script Dispatcher Service.
2021-02-01T04:58:46.753594+05:30 hpcsa3-srv systemd: Starting Network Manager Script Dispatcher Service...
2021-02-01T04:58:46.759302+05:30 hpcsa3-srv systemd: Started Network Manager Script Dispatcher Service.
2021-02-01T05:00:01.525894+05:30 hpcsa3-srv systemd: Created slice User Slice of root.
2021-02-01T05:00:01.527817+05:30 hpcsa3-srv systemd: Started Session 276 of user root.
2021-02-01T05:00:01.542056+05:30 hpcsa3-srv systemd: Removed slice User Slice of root.
2021-02-01T05:01:01.550552+05:30 hpcsa3-srv systemd: Created slice User Slice of root.
2021-02-01T05:01:01.552391+05:30 hpcsa3-srv systemd: Started Session 277 of user root.
2021-02-01T05:01:01.574711+05:30 hpcsa3-srv systemd: Removed slice User Slice of root.
2021-02-01T05:10:01.591265+05:30 hpcsa3-srv systemd: Created slice User Slice of root.
2021-02-01T05:10:01.593321+05:30 hpcsa3-srv systemd: Started Session 278 of user root.
2021-02-01T05:10:01.607856+05:30 hpcsa3-srv systemd: Removed slice User Slice of root.
2021-02-01T05:12:28.659625+05:30 hpcsa3-srv systemd: Starting Network Manager Script Dispatcher Service...
2021-02-01T05:12:28.665472+05:30 hpcsa3-srv systemd: Started Network Manager Script Dispatcher Service.
2021-02-01T05:20:01.623532+05:30 hpcsa3-srv systemd: Created slice User Slice of root.
2021-02-01T05:20:01.625710+05:30 hpcsa3-srv systemd: Started Session 279 of user root.
2021-02-01T05:20:01.640513+05:30 hpcsa3-srv systemd: Removed slice User Slice of root.
2021-02-01T05:24:22.555135+05:30 hpcsa3-srv systemd: Starting Network Manager Script Dispatcher Service...
2021-02-01T05:24:22.561667+05:30 hpcsa3-srv systemd: Started Network Manager Script Dispatcher Service.
2021-02-01T05:26:58.171951+05:30 hpcsa3-srv systemd: Starting Network Manager Script Dispatcher Service...
2021-02-01T05:26:58.177721+05:30 hpcsa3-srv systemd: Started Network Manager Script Dispatcher Service.
2021-02-01T05:30:01.655140+05:30 hpcsa3-srv systemd: Created slice User Slice of root.
2021-02-01T05:30:01.657005+05:30 hpcsa3-srv systemd: Started Session 280 of user root.
2021-02-01T05:30:01.671402+05:30 hpcsa3-srv systemd: Removed slice User Slice of root.
2021-02-01T05:36:36.066309+05:30 hpcsa3-srv systemd: Starting Network Manager Script Dispatcher Service...
2021-02-01T05:36:36.071947+05:30 hpcsa3-srv systemd: Started Network Manager Script Dispatcher Service.
2021-02-01T05:40:01.689729+05:30 hpcsa3-srv systemd: Created slice User Slice of root.
2021-02-01T05:40:01.691971+05:30 hpcsa3-srv systemd: Started Session 281 of user root.
2021-02-01T05:40:01.718430+05:30 hpcsa3-srv systemd: Removed slice User Slice of root.
2021-02-01T05:40:21.329243+05:30 hpcsa3-srv systemd: Starting Network Manager Script Dispatcher Service...
2021-02-01T05:40:21.335253+05:30 hpcsa3-srv systemd: Started Network Manager Script Dispatcher Service.
2021-02-01T05:48:37.224538+05:30 hpcsa3-srv systemd: Starting Network Manager Script Dispatcher Service...
2021-02-01T05:48:37.230066+05:30 hpcsa3-srv systemd: Started Network Manager Script Dispatcher Service.
2021-02-01T05:50:01.723759+05:30 hpcsa3-srv systemd: Created slice User Slice of root.
2021-02-01T05:50:01.725720+05:30 hpcsa3-srv systemd: Started Session 282 of user root.
2021-02-01T05:50:01.740127+05:30 hpcsa3-srv systemd: Removed slice User Slice of root.
2021-02-01T05:53:06.925778+05:30 hpcsa3-srv systemd: Starting Network Manager Script Dispatcher Service...
2021-02-01T05:53:06.931509+05:30 hpcsa3-srv systemd: Started Network Manager Script Dispatcher Service.
2021-02-01T06:00:01.754285+05:30 hpcsa3-srv systemd: Created slice User Slice of root.
2021-02-01T06:00:01.756176+05:30 hpcsa3-srv systemd: Started Session 283 of user root.
2021-02-01T06:00:01.770409+05:30 hpcsa3-srv systemd: Removed slice User Slice of root.
2021-02-01T06:01:01.776466+05:30 hpcsa3-srv systemd: Created slice User Slice of root.
2021-02-01T06:01:01.778688+05:30 hpcsa3-srv systemd: Started Session 284 of user root.
2021-02-01T06:01:01.801958+05:30 hpcsa3-srv systemd: Removed slice User Slice of root.
2021-02-01T06:01:25.000408+05:30 hpcsa3-srv systemd: Starting Network Manager Script Dispatcher Service...
2021-02-01T06:01:25.005667+05:30 hpcsa3-srv systemd: Started Network Manager Script Dispatcher Service.
2021-02-01T06:05:06.260210+05:30 hpcsa3-srv systemd: Starting Network Manager Script Dispatcher Service...
2021-02-01T06:05:06.265887+05:30 hpcsa3-srv systemd: Started Network Manager Script Dispatcher Service.
2021-02-01T06:10:01.820711+05:30 hpcsa3-srv systemd: Created slice User Slice of root.
2021-02-01T06:10:01.822566+05:30 hpcsa3-srv systemd: Started Session 285 of user root.
2021-02-01T06:10:01.836718+05:30 hpcsa3-srv systemd: Removed slice User Slice of root.
2021-02-01T06:15:20.330711+05:30 hpcsa3-srv systemd: Starting Network Manager Script Dispatcher Service...
2021-02-01T06:15:20.336291+05:30 hpcsa3-srv systemd: Started Network Manager Script Dispatcher Service.
2021-02-01T06:19:45.543673+05:30 hpcsa3-srv systemd: Starting Network Manager Script Dispatcher Service...
2021-02-01T06:19:45.549379+05:30 hpcsa3-srv systemd: Started Network Manager Script Dispatcher Service.
2021-02-01T06:20:01.852191+05:30 hpcsa3-srv systemd: Created slice User Slice of root.
2021-02-01T06:20:01.854041+05:30 hpcsa3-srv systemd: Started Session 286 of user root.
2021-02-01T06:20:01.866566+05:30 hpcsa3-srv systemd: Removed slice User Slice of root.
2021-02-01T06:28:25.892207+05:30 hpcsa3-srv systemd: Starting Network Manager Script Dispatcher Service...
2021-02-01T06:28:25.898403+05:30 hpcsa3-srv systemd: Started Network Manager Script Dispatcher Service.
2021-02-01T06:30:01.886970+05:30 hpcsa3-srv systemd: Created slice User Slice of root.
2021-02-01T06:30:01.888617+05:30 hpcsa3-srv systemd: Started Session 287 of user root.
2021-02-01T06:30:01.902365+05:30 hpcsa3-srv systemd: Removed slice User Slice of root.
2021-02-01T06:33:24.948441+05:30 hpcsa3-srv systemd: Starting Network Manager Script Dispatcher Service...
2021-02-01T06:33:24.954347+05:30 hpcsa3-srv systemd: Started Network Manager Script Dispatcher Service.
2021-02-01T06:40:01.914084+05:30 hpcsa3-srv systemd: Created slice User Slice of root.
2021-02-01T06:40:01.915683+05:30 hpcsa3-srv systemd: Started Session 288 of user root.
2021-02-01T06:40:01.932187+05:30 hpcsa3-srv systemd: Removed slice User Slice of root.
2021-02-01T06:40:40.162684+05:30 hpcsa3-srv systemd: Starting Network Manager Script Dispatcher Service...
2021-02-01T06:40:40.168493+05:30 hpcsa3-srv systemd: Started Network Manager Script Dispatcher Service.
2021-02-01T06:45:59.365513+05:30 hpcsa3-srv systemd: Starting Network Manager Script Dispatcher Service...
2021-02-01T06:45:59.371164+05:30 hpcsa3-srv systemd: Started Network Manager Script Dispatcher Service.
2021-02-01T06:50:01.945218+05:30 hpcsa3-srv systemd: Created slice User Slice of root.
2021-02-01T06:50:01.947429+05:30 hpcsa3-srv systemd: Started Session 289 of user root.
2021-02-01T06:50:01.960686+05:30 hpcsa3-srv systemd: Removed slice User Slice of root.
2021-02-01T06:54:16.391999+05:30 hpcsa3-srv systemd: Starting Network Manager Script Dispatcher Service...
2021-02-01T06:54:16.397982+05:30 hpcsa3-srv systemd: Started Network Manager Script Dispatcher Service.
2021-02-01T07:00:01.979879+05:30 hpcsa3-srv systemd: Created slice User Slice of root.
2021-02-01T07:00:01.981848+05:30 hpcsa3-srv systemd: Started Session 290 of user root.
2021-02-01T07:00:01.996794+05:30 hpcsa3-srv systemd: Removed slice User Slice of root.
2021-02-01T07:00:11.881593+05:30 hpcsa3-srv systemd: Starting Network Manager Script Dispatcher Service...
2021-02-01T07:00:11.887499+05:30 hpcsa3-srv systemd: Started Network Manager Script Dispatcher Service.
2021-02-01T07:01:02.005939+05:30 hpcsa3-srv systemd: Created slice User Slice of root.
2021-02-01T07:01:02.007785+05:30 hpcsa3-srv systemd: Started Session 291 of user root.
2021-02-01T07:01:02.028962+05:30 hpcsa3-srv systemd: Removed slice User Slice of root.
2021-02-01T07:07:39.229243+05:30 hpcsa3-srv systemd: Starting Network Manager Script Dispatcher Service...
2021-02-01T07:07:39.234589+05:30 hpcsa3-srv systemd: Started Network Manager Script Dispatcher Service.
2021-02-01T07:10:01.045313+05:30 hpcsa3-srv systemd: Created slice User Slice of root.
2021-02-01T07:10:01.047231+05:30 hpcsa3-srv systemd: Started Session 292 of user root.
2021-02-01T07:10:01.063369+05:30 hpcsa3-srv systemd: Removed slice User Slice of root.
2021-02-01T07:14:55.531508+05:30 hpcsa3-srv systemd: Starting Network Manager Script Dispatcher Service...
2021-02-01T07:14:55.537204+05:30 hpcsa3-srv systemd: Started Network Manager Script Dispatcher Service.
2021-02-01T07:20:01.079964+05:30 hpcsa3-srv systemd: Created slice User Slice of root.
2021-02-01T07:20:01.081865+05:30 hpcsa3-srv systemd: Started Session 293 of user root.
2021-02-01T07:20:01.095103+05:30 hpcsa3-srv systemd: Removed slice User Slice of root.
2021-02-01T07:21:55.209013+05:30 hpcsa3-srv systemd: Starting Network Manager Script Dispatcher Service...
2021-02-01T07:21:55.214482+05:30 hpcsa3-srv systemd: Started Network Manager Script Dispatcher Service.
2021-02-01T07:26:13.092114+05:30 hpcsa3-srv systemd: Starting Network Manager Script Dispatcher Service...
2021-02-01T07:26:13.097800+05:30 hpcsa3-srv systemd: Started Network Manager Script Dispatcher Service.
2021-02-01T07:30:01.114403+05:30 hpcsa3-srv systemd: Created slice User Slice of root.
2021-02-01T07:30:01.116588+05:30 hpcsa3-srv systemd: Started Session 294 of user root.
2021-02-01T07:30:01.131031+05:30 hpcsa3-srv systemd: Removed slice User Slice of root.
2021-02-01T07:34:52.529420+05:30 hpcsa3-srv systemd: Starting Network Manager Script Dispatcher Service...
2021-02-01T07:34:52.535109+05:30 hpcsa3-srv systemd: Started Network Manager Script Dispatcher Service.
2021-02-01T07:37:47.890109+05:30 hpcsa3-srv systemd: Starting Network Manager Script Dispatcher Service...
2021-02-01T07:37:47.896001+05:30 hpcsa3-srv systemd: Started Network Manager Script Dispatcher Service.
2021-02-01T07:40:01.146575+05:30 hpcsa3-srv systemd: Created slice User Slice of root.
2021-02-01T07:40:01.148653+05:30 hpcsa3-srv systemd: Started Session 295 of user root.
2021-02-01T07:40:01.162682+05:30 hpcsa3-srv systemd: Removed slice User Slice of root.
2021-02-01T07:49:36.397009+05:30 hpcsa3-srv systemd: Starting Network Manager Script Dispatcher Service...
2021-02-01T07:49:36.402721+05:30 hpcsa3-srv systemd: Started Network Manager Script Dispatcher Service.
2021-02-01T07:50:01.177944+05:30 hpcsa3-srv systemd: Created slice User Slice of root.
2021-02-01T07:50:01.179768+05:30 hpcsa3-srv systemd: Started Session 296 of user root.
2021-02-01T07:50:01.192757+05:30 hpcsa3-srv systemd: Removed slice User Slice of root.
2021-02-01T07:50:44.089704+05:30 hpcsa3-srv systemd: Starting Network Manager Script Dispatcher Service...
2021-02-01T07:50:44.095644+05:30 hpcsa3-srv systemd: Started Network Manager Script Dispatcher Service.
2021-02-01T08:00:01.209637+05:30 hpcsa3-srv systemd: Created slice User Slice of root.
2021-02-01T08:00:01.211824+05:30 hpcsa3-srv systemd: Started Session 297 of user root.
2021-02-01T08:00:01.226115+05:30 hpcsa3-srv systemd: Removed slice User Slice of root.
2021-02-01T08:01:01.237498+05:30 hpcsa3-srv systemd: Created slice User Slice of root.
2021-02-01T08:01:01.240395+05:30 hpcsa3-srv systemd: Started Session 298 of user root.
2021-02-01T08:01:01.263228+05:30 hpcsa3-srv systemd: Removed slice User Slice of root.
2021-02-01T08:01:29.674814+05:30 hpcsa3-srv systemd: Starting Network Manager Script Dispatcher Service...
2021-02-01T08:01:29.680471+05:30 hpcsa3-srv systemd: Started Network Manager Script Dispatcher Service.
2021-02-01T08:03:06.451108+05:30 hpcsa3-srv systemd: Starting Network Manager Script Dispatcher Service...
2021-02-01T08:03:06.456865+05:30 hpcsa3-srv systemd: Started Network Manager Script Dispatcher Service.
2021-02-01T08:10:01.280893+05:30 hpcsa3-srv systemd: Created slice User Slice of root.
2021-02-01T08:10:01.283292+05:30 hpcsa3-srv systemd: Started Session 299 of user root.
2021-02-01T08:10:01.296371+05:30 hpcsa3-srv systemd: Removed slice User Slice of root.
2021-02-01T08:13:12.839345+05:30 hpcsa3-srv systemd: Starting Network Manager Script Dispatcher Service...
2021-02-01T08:13:12.845233+05:30 hpcsa3-srv systemd: Started Network Manager Script Dispatcher Service.
2021-02-01T08:16:43.551541+05:30 hpcsa3-srv systemd: Starting Network Manager Script Dispatcher Service...
2021-02-01T08:16:43.556797+05:30 hpcsa3-srv systemd: Started Network Manager Script Dispatcher Service.
2021-02-01T08:20:01.313282+05:30 hpcsa3-srv systemd: Created slice User Slice of root.
2021-02-01T08:20:01.315021+05:30 hpcsa3-srv systemd: Started Session 300 of user root.
2021-02-01T08:20:01.331203+05:30 hpcsa3-srv systemd: Removed slice User Slice of root.
2021-02-01T08:27:20.175942+05:30 hpcsa3-srv systemd: Starting Network Manager Script Dispatcher Service...
2021-02-01T08:27:20.181977+05:30 hpcsa3-srv systemd: Started Network Manager Script Dispatcher Service.
2021-02-01T08:28:27.988387+05:30 hpcsa3-srv systemd: Starting Network Manager Script Dispatcher Service...
2021-02-01T08:28:27.994351+05:30 hpcsa3-srv systemd: Started Network Manager Script Dispatcher Service.
2021-02-01T08:30:01.346811+05:30 hpcsa3-srv systemd: Created slice User Slice of root.
2021-02-01T08:30:01.349217+05:30 hpcsa3-srv systemd: Started Session 301 of user root.
2021-02-01T08:30:01.362228+05:30 hpcsa3-srv systemd: Removed slice User Slice of root.
2021-02-01T08:40:01.376554+05:30 hpcsa3-srv systemd: Created slice User Slice of root.
2021-02-01T08:40:01.378580+05:30 hpcsa3-srv systemd: Started Session 302 of user root.
2021-02-01T08:40:01.392040+05:30 hpcsa3-srv systemd: Removed slice User Slice of root.
2021-02-01T08:40:42.030050+05:30 hpcsa3-srv systemd: Starting Network Manager Script Dispatcher Service...
2021-02-01T08:40:42.035519+05:30 hpcsa3-srv systemd: Started Network Manager Script Dispatcher Service.
2021-02-01T08:41:02.691731+05:30 hpcsa3-srv systemd: Starting Network Manager Script Dispatcher Service...
2021-02-01T08:41:02.698013+05:30 hpcsa3-srv systemd: Started Network Manager Script Dispatcher Service.
2021-02-01T08:50:01.409722+05:30 hpcsa3-srv systemd: Created slice User Slice of root.
2021-02-01T08:50:01.411669+05:30 hpcsa3-srv systemd: Started Session 303 of user root.
2021-02-01T08:50:01.426351+05:30 hpcsa3-srv systemd: Removed slice User Slice of root.
2021-02-01T08:53:13.628701+05:30 hpcsa3-srv systemd: Starting Network Manager Script Dispatcher Service...
2021-02-01T08:53:13.634318+05:30 hpcsa3-srv systemd: Started Network Manager Script Dispatcher Service.
2021-02-01T08:54:23.867783+05:30 hpcsa3-srv systemd: Starting Network Manager Script Dispatcher Service...
2021-02-01T08:54:23.873611+05:30 hpcsa3-srv systemd: Started Network Manager Script Dispatcher Service.
2021-02-01T09:00:01.443984+05:30 hpcsa3-srv systemd: Created slice User Slice of root.
2021-02-01T09:00:01.445564+05:30 hpcsa3-srv systemd: Started Session 304 of user root.
2021-02-01T09:00:01.458811+05:30 hpcsa3-srv systemd: Removed slice User Slice of root.
2021-02-01T09:01:01.467298+05:30 hpcsa3-srv systemd: Created slice User Slice of root.
2021-02-01T09:01:01.469363+05:30 hpcsa3-srv systemd: Started Session 305 of user root.
2021-02-01T09:01:01.491727+05:30 hpcsa3-srv systemd: Removed slice User Slice of root.
2021-02-01T09:06:48.430031+05:30 hpcsa3-srv systemd: Starting Network Manager Script Dispatcher Service...
2021-02-01T09:06:48.435827+05:30 hpcsa3-srv systemd: Started Network Manager Script Dispatcher Service.
2021-02-01T09:08:02.134664+05:30 hpcsa3-srv systemd: Starting Network Manager Script Dispatcher Service...
2021-02-01T09:08:02.139777+05:30 hpcsa3-srv systemd: Started Network Manager Script Dispatcher Service.
2021-02-01T09:10:01.508559+05:30 hpcsa3-srv systemd: Created slice User Slice of root.
2021-02-01T09:10:01.510232+05:30 hpcsa3-srv systemd: Started Session 306 of user root.
2021-02-01T09:10:01.527872+05:30 hpcsa3-srv systemd: Removed slice User Slice of root.
2021-02-01T09:20:01.544921+05:30 hpcsa3-srv systemd: Created slice User Slice of root.
2021-02-01T09:20:01.546777+05:30 hpcsa3-srv systemd: Started Session 307 of user root.
2021-02-01T09:20:01.563916+05:30 hpcsa3-srv systemd: Removed slice User Slice of root.
2021-02-01T09:20:05.171823+05:30 hpcsa3-srv systemd: Starting Network Manager Script Dispatcher Service...
2021-02-01T09:20:05.178491+05:30 hpcsa3-srv systemd: Started Network Manager Script Dispatcher Service.
2021-02-01T09:21:40.302192+05:30 hpcsa3-srv systemd: Starting Network Manager Script Dispatcher Service...
2021-02-01T09:21:40.308190+05:30 hpcsa3-srv systemd: Started Network Manager Script Dispatcher Service.
2021-02-01T09:30:01.580792+05:30 hpcsa3-srv systemd: Created slice User Slice of root.
2021-02-01T09:30:01.582440+05:30 hpcsa3-srv systemd: Started Session 308 of user root.
2021-02-01T09:30:01.596119+05:30 hpcsa3-srv systemd: Removed slice User Slice of root.
2021-02-01T09:33:03.517702+05:30 hpcsa3-srv systemd: Starting Network Manager Script Dispatcher Service...
2021-02-01T09:33:03.523343+05:30 hpcsa3-srv systemd: Started Network Manager Script Dispatcher Service.
2021-02-01T09:35:23.675131+05:30 hpcsa3-srv systemd: Starting Network Manager Script Dispatcher Service...
2021-02-01T09:35:23.680989+05:30 hpcsa3-srv systemd: Started Network Manager Script Dispatcher Service.
2021-02-01T09:40:01.611695+05:30 hpcsa3-srv systemd: Created slice User Slice of root.
2021-02-01T09:40:01.613947+05:30 hpcsa3-srv systemd: Started Session 309 of user root.
2021-02-01T09:40:01.628468+05:30 hpcsa3-srv systemd: Removed slice User Slice of root.
2021-02-01T09:47:59.265861+05:30 hpcsa3-srv systemd: Starting Network Manager Script Dispatcher Service...
2021-02-01T09:47:59.271428+05:30 hpcsa3-srv systemd: Started Network Manager Script Dispatcher Service.
2021-02-01T09:48:49.812323+05:30 hpcsa3-srv systemd: Starting Network Manager Script Dispatcher Service...
2021-02-01T09:48:49.818040+05:30 hpcsa3-srv systemd: Started Network Manager Script Dispatcher Service.
2021-02-01T09:50:01.644883+05:30 hpcsa3-srv systemd: Created slice User Slice of root.
2021-02-01T09:50:01.647039+05:30 hpcsa3-srv systemd: Started Session 310 of user root.
2021-02-01T09:50:01.660444+05:30 hpcsa3-srv systemd: Removed slice User Slice of root.
2021-02-01T10:00:01.677410+05:30 hpcsa3-srv systemd: Created slice User Slice of root.
2021-02-01T10:00:01.679501+05:30 hpcsa3-srv systemd: Started Session 311 of user root.
2021-02-01T10:00:01.693824+05:30 hpcsa3-srv systemd: Removed slice User Slice of root.
2021-02-01T10:00:17.862069+05:30 hpcsa3-srv systemd: Starting Network Manager Script Dispatcher Service...
2021-02-01T10:00:17.868297+05:30 hpcsa3-srv systemd: Started Network Manager Script Dispatcher Service.
2021-02-01T10:01:01.702334+05:30 hpcsa3-srv systemd: Created slice User Slice of root.
2021-02-01T10:01:01.704382+05:30 hpcsa3-srv systemd: Started Session 312 of user root.
2021-02-01T10:01:01.726164+05:30 hpcsa3-srv systemd: Removed slice User Slice of root.
2021-02-01T10:03:41.983352+05:30 hpcsa3-srv systemd: Starting Network Manager Script Dispatcher Service...
2021-02-01T10:03:41.989566+05:30 hpcsa3-srv systemd: Started Network Manager Script Dispatcher Service.
2021-02-01T10:10:01.742111+05:30 hpcsa3-srv systemd: Created slice User Slice of root.
2021-02-01T10:10:01.744147+05:30 hpcsa3-srv systemd: Started Session 313 of user root.
2021-02-01T10:10:01.759272+05:30 hpcsa3-srv systemd: Removed slice User Slice of root.
2021-02-01T10:13:53.184346+05:30 hpcsa3-srv systemd: Starting Network Manager Script Dispatcher Service...
2021-02-01T10:13:53.190430+05:30 hpcsa3-srv systemd: Started Network Manager Script Dispatcher Service.
2021-02-01T10:16:28.008207+05:30 hpcsa3-srv systemd: Starting Network Manager Script Dispatcher Service...
2021-02-01T10:16:28.013843+05:30 hpcsa3-srv systemd: Started Network Manager Script Dispatcher Service.
2021-02-01T10:18:20.731048+05:30 hpcsa3-srv systemd: Starting Network Manager Script Dispatcher Service...
2021-02-01T10:18:20.736553+05:30 hpcsa3-srv systemd: Started Network Manager Script Dispatcher Service.
2021-02-01T10:20:01.776551+05:30 hpcsa3-srv systemd: Created slice User Slice of root.
2021-02-01T10:20:01.778473+05:30 hpcsa3-srv systemd: Started Session 314 of user root.
2021-02-01T10:20:01.792770+05:30 hpcsa3-srv systemd: Removed slice User Slice of root.
2021-02-01T10:28:17.846973+05:30 hpcsa3-srv systemd: Starting Network Manager Script Dispatcher Service...
2021-02-01T10:28:17.852311+05:30 hpcsa3-srv systemd: Started Network Manager Script Dispatcher Service.
2021-02-01T10:28:30.054734+05:30 hpcsa3-srv systemd: Starting Network Manager Script Dispatcher Service...
2021-02-01T10:28:30.060655+05:30 hpcsa3-srv systemd: Started Network Manager Script Dispatcher Service.
2021-02-01T10:30:01.809800+05:30 hpcsa3-srv systemd: Created slice User Slice of root.
2021-02-01T10:30:01.811701+05:30 hpcsa3-srv systemd: Started Session 315 of user root.
2021-02-01T10:30:01.825464+05:30 hpcsa3-srv systemd: Removed slice User Slice of root.
2021-02-01T10:40:01.843398+05:30 hpcsa3-srv systemd: Created slice User Slice of root.
2021-02-01T10:40:01.845234+05:30 hpcsa3-srv systemd: Started Session 316 of user root.
2021-02-01T10:40:01.858517+05:30 hpcsa3-srv systemd: Removed slice User Slice of root.
2021-02-01T10:40:23.505797+05:30 hpcsa3-srv systemd: Starting Network Manager Script Dispatcher Service...
2021-02-01T10:40:23.511437+05:30 hpcsa3-srv systemd: Started Network Manager Script Dispatcher Service.
2021-02-01T10:42:06.019517+05:30 hpcsa3-srv systemd: Starting Network Manager Script Dispatcher Service...
2021-02-01T10:42:06.027495+05:30 hpcsa3-srv systemd: Started Network Manager Script Dispatcher Service.
2021-02-01T10:50:01.875825+05:30 hpcsa3-srv systemd: Created slice User Slice of root.
2021-02-01T10:50:01.877938+05:30 hpcsa3-srv systemd: Started Session 317 of user root.
2021-02-01T10:50:01.892009+05:30 hpcsa3-srv systemd: Removed slice User Slice of root.
2021-02-01T10:53:20.654304+05:30 hpcsa3-srv systemd: Starting Network Manager Script Dispatcher Service...
2021-02-01T10:53:20.660612+05:30 hpcsa3-srv systemd: Started Network Manager Script Dispatcher Service.
2021-02-01T10:53:40.195380+05:30 hpcsa3-srv systemd: Starting Network Manager Script Dispatcher Service...
2021-02-01T10:53:40.201619+05:30 hpcsa3-srv systemd: Started Network Manager Script Dispatcher Service.
2021-02-01T11:00:01.912049+05:30 hpcsa3-srv systemd: Created slice User Slice of root.
2021-02-01T11:00:01.914006+05:30 hpcsa3-srv systemd: Started Session 318 of user root.
2021-02-01T11:00:01.928188+05:30 hpcsa3-srv systemd: Removed slice User Slice of root.
2021-02-01T11:01:01.937385+05:30 hpcsa3-srv systemd: Created slice User Slice of root.
2021-02-01T11:01:01.939337+05:30 hpcsa3-srv systemd: Started Session 319 of user root.
2021-02-01T11:01:01.959460+05:30 hpcsa3-srv systemd: Removed slice User Slice of root.
2021-02-01T11:01:42.017009+05:30 hpcsa3-srv systemd: Created slice User Slice of root.
2021-02-01T11:01:42.019215+05:30 hpcsa3-srv systemd: Started Session 320 of user root.
2021-02-01T11:01:42.330393+05:30 hpcsa3-srv systemd: Started Session 321 of user root.
2021-02-01T11:05:33.618686+05:30 hpcsa3-srv systemd: Starting Network Manager Script Dispatcher Service...
2021-02-01T11:05:33.624533+05:30 hpcsa3-srv systemd: Started Network Manager Script Dispatcher Service.
2021-02-01T11:07:52.893162+05:30 hpcsa3-srv systemd: Starting Network Manager Script Dispatcher Service...
2021-02-01T11:07:52.902440+05:30 hpcsa3-srv systemd: Started Network Manager Script Dispatcher Service.
2021-02-01T11:10:01.971967+05:30 hpcsa3-srv systemd: Started Session 322 of user root.
2021-02-01T11:17:07.852777+05:30 hpcsa3-srv systemd: Starting Network Manager Script Dispatcher Service...
2021-02-01T11:17:07.858321+05:30 hpcsa3-srv systemd: Started Network Manager Script Dispatcher Service.
2021-02-01T11:19:27.491039+05:30 hpcsa3-srv systemd: Starting Network Manager Script Dispatcher Service...
2021-02-01T11:19:27.496464+05:30 hpcsa3-srv systemd: Started Network Manager Script Dispatcher Service.
2021-02-01T11:20:01.202686+05:30 hpcsa3-srv systemd: Started Session 323 of user root.
2021-02-01T11:29:29.884844+05:30 hpcsa3-srv systemd: Starting Network Manager Script Dispatcher Service...
2021-02-01T11:29:29.890507+05:30 hpcsa3-srv systemd: Started Network Manager Script Dispatcher Service.
2021-02-01T11:30:01.232978+05:30 hpcsa3-srv systemd: Started Session 324 of user root.
2021-02-01T11:33:31.010731+05:30 hpcsa3-srv systemd: Starting Network Manager Script Dispatcher Service...
2021-02-01T11:33:31.016129+05:30 hpcsa3-srv systemd: Started Network Manager Script Dispatcher Service.
2021-02-01T11:40:01.261203+05:30 hpcsa3-srv systemd: Started Session 325 of user root.
2021-02-01T11:42:53.611506+05:30 hpcsa3-srv systemd: Starting Network Manager Script Dispatcher Service...
2021-02-01T11:42:53.617109+05:30 hpcsa3-srv systemd: Started Network Manager Script Dispatcher Service.
2021-02-01T11:46:28.031818+05:30 hpcsa3-srv systemd: Starting Network Manager Script Dispatcher Service...
2021-02-01T11:46:28.037222+05:30 hpcsa3-srv systemd: Started Network Manager Script Dispatcher Service.
2021-02-01T11:50:01.289524+05:30 hpcsa3-srv systemd: Started Session 326 of user root.
2021-02-01T11:54:23.629793+05:30 hpcsa3-srv systemd: Starting Network Manager Script Dispatcher Service...
2021-02-01T11:54:23.649683+05:30 hpcsa3-srv systemd: Started Network Manager Script Dispatcher Service.
2021-02-01T12:00:01.318435+05:30 hpcsa3-srv systemd: Started Session 327 of user root.
2021-02-01T12:00:28.815313+05:30 hpcsa3-srv systemd: Starting Network Manager Script Dispatcher Service...
2021-02-01T12:00:28.821780+05:30 hpcsa3-srv systemd: Started Network Manager Script Dispatcher Service.
2021-02-01T12:01:01.341084+05:30 hpcsa3-srv systemd: Started Session 328 of user root.
2021-02-01T12:07:42.499368+05:30 hpcsa3-srv systemd: Starting Network Manager Script Dispatcher Service...
2021-02-01T12:07:42.508411+05:30 hpcsa3-srv systemd: Started Network Manager Script Dispatcher Service.
2021-02-01T12:10:01.378832+05:30 hpcsa3-srv systemd: Started Session 329 of user root.
2021-02-01T12:12:42.027654+05:30 hpcsa3-srv systemd: Starting Network Manager Script Dispatcher Service...
2021-02-01T12:12:42.033030+05:30 hpcsa3-srv systemd: Started Network Manager Script Dispatcher Service.
2021-02-01T12:20:01.408082+05:30 hpcsa3-srv systemd: Started Session 330 of user root.
2021-02-01T12:22:10.197335+05:30 hpcsa3-srv systemd: Starting Network Manager Script Dispatcher Service...
2021-02-01T12:22:10.202694+05:30 hpcsa3-srv systemd: Started Network Manager Script Dispatcher Service.
2021-02-01T12:25:20.529380+05:30 hpcsa3-srv systemd: Starting Network Manager Script Dispatcher Service...
2021-02-01T12:25:20.551543+05:30 hpcsa3-srv systemd: Started Network Manager Script Dispatcher Service.
2021-02-01T12:30:01.438416+05:30 hpcsa3-srv systemd: Started Session 331 of user root.
2021-02-01T12:35:38.779335+05:30 hpcsa3-srv systemd: Starting Network Manager Script Dispatcher Service...
2021-02-01T12:35:38.784656+05:30 hpcsa3-srv systemd: Started Network Manager Script Dispatcher Service.
2021-02-01T12:36:49.886255+05:30 hpcsa3-srv systemd: Starting Network Manager Script Dispatcher Service...
2021-02-01T12:36:49.891672+05:30 hpcsa3-srv systemd: Started Network Manager Script Dispatcher Service.
2021-02-01T12:40:01.467714+05:30 hpcsa3-srv systemd: Started Session 332 of user root.
2021-02-01T12:48:52.729637+05:30 hpcsa3-srv systemd: Starting Network Manager Script Dispatcher Service...
2021-02-01T12:48:52.735187+05:30 hpcsa3-srv systemd: Started Network Manager Script Dispatcher Service.
2021-02-01T12:49:37.736999+05:30 hpcsa3-srv systemd: Starting Network Manager Script Dispatcher Service...
2021-02-01T12:49:37.742842+05:30 hpcsa3-srv systemd: Started Network Manager Script Dispatcher Service.
2021-02-01T12:50:01.495349+05:30 hpcsa3-srv systemd: Started Session 333 of user root.
2021-02-01T13:00:01.524798+05:30 hpcsa3-srv systemd: Started Session 334 of user root.
2021-02-01T13:01:01.546780+05:30 hpcsa3-srv systemd: Started Session 335 of user root.
2021-02-01T13:01:47.175630+05:30 hpcsa3-srv systemd: Starting Network Manager Script Dispatcher Service...
2021-02-01T13:01:47.181194+05:30 hpcsa3-srv systemd: Started Network Manager Script Dispatcher Service.
2021-02-01T13:10:01.585052+05:30 hpcsa3-srv systemd: Started Session 336 of user root.
2021-02-01T13:13:54.255990+05:30 hpcsa3-srv systemd: Starting Network Manager Script Dispatcher Service...
2021-02-01T13:13:54.261409+05:30 hpcsa3-srv systemd: Started Network Manager Script Dispatcher Service.
2021-02-01T13:15:51.449269+05:30 hpcsa3-srv systemd: Starting Network Manager Script Dispatcher Service...
2021-02-01T13:15:51.455398+05:30 hpcsa3-srv systemd: Started Network Manager Script Dispatcher Service.
2021-02-01T13:20:01.613518+05:30 hpcsa3-srv systemd: Started Session 337 of user root.
2021-02-01T13:27:43.899031+05:30 hpcsa3-srv systemd: Starting Network Manager Script Dispatcher Service...
2021-02-01T13:27:43.905159+05:30 hpcsa3-srv systemd: Started Network Manager Script Dispatcher Service.
2021-02-01T13:29:53.088544+05:30 hpcsa3-srv systemd: Starting Network Manager Script Dispatcher Service...
2021-02-01T13:29:53.094473+05:30 hpcsa3-srv systemd: Started Network Manager Script Dispatcher Service.
2021-02-01T13:30:01.642854+05:30 hpcsa3-srv systemd: Started Session 338 of user root.
2021-02-01T13:40:01.672810+05:30 hpcsa3-srv systemd: Started Session 339 of user root.
2021-02-01T13:40:54.312360+05:30 hpcsa3-srv systemd: Starting Network Manager Script Dispatcher Service...
2021-02-01T13:40:54.318263+05:30 hpcsa3-srv systemd: Started Network Manager Script Dispatcher Service.
2021-02-01T13:44:37.260320+05:30 hpcsa3-srv systemd: Starting Network Manager Script Dispatcher Service...
2021-02-01T13:44:37.266442+05:30 hpcsa3-srv systemd: Started Network Manager Script Dispatcher Service.
2021-02-01T13:50:01.696545+05:30 hpcsa3-srv systemd: Started Session 340 of user root.
2021-02-01T13:54:47.927176+05:30 hpcsa3-srv systemd: Starting Network Manager Script Dispatcher Service...
2021-02-01T13:54:47.933225+05:30 hpcsa3-srv systemd: Started Network Manager Script Dispatcher Service.
2021-02-01T13:56:29.306370+05:30 hpcsa3-srv systemd: Starting Network Manager Script Dispatcher Service...
2021-02-01T13:56:29.312203+05:30 hpcsa3-srv systemd: Started Network Manager Script Dispatcher Service.
2021-02-01T14:00:01.721132+05:30 hpcsa3-srv systemd: Started Session 341 of user root.
2021-02-01T14:01:01.743326+05:30 hpcsa3-srv systemd: Started Session 342 of user root.
2021-02-01T14:08:56.021080+05:30 hpcsa3-srv systemd: Starting Network Manager Script Dispatcher Service...
2021-02-01T14:08:56.026537+05:30 hpcsa3-srv systemd: Started Network Manager Script Dispatcher Service.
2021-02-01T14:10:01.775714+05:30 hpcsa3-srv systemd: Started Session 343 of user root.
2021-02-01T14:11:26.681991+05:30 hpcsa3-srv systemd: Starting Network Manager Script Dispatcher Service...
2021-02-01T14:11:26.687745+05:30 hpcsa3-srv systemd: Started Network Manager Script Dispatcher Service.
2021-02-01T14:20:01.804042+05:30 hpcsa3-srv systemd: Started Session 344 of user root.
2021-02-01T14:22:41.804337+05:30 hpcsa3-srv systemd: Starting Network Manager Script Dispatcher Service...
2021-02-01T14:22:41.809807+05:30 hpcsa3-srv systemd: Started Network Manager Script Dispatcher Service.
2021-02-01T14:25:29.220705+05:30 hpcsa3-srv systemd: Starting Network Manager Script Dispatcher Service...
2021-02-01T14:25:29.226829+05:30 hpcsa3-srv systemd: Started Network Manager Script Dispatcher Service.
2021-02-01T14:30:01.832652+05:30 hpcsa3-srv systemd: Started Session 345 of user root.
2021-02-01T14:34:23.109522+05:30 hpcsa3-srv systemd: Starting Network Manager Script Dispatcher Service...
2021-02-01T14:34:23.114813+05:30 hpcsa3-srv systemd: Started Network Manager Script Dispatcher Service.
2021-02-01T14:37:08.714190+05:30 hpcsa3-srv systemd: Starting Network Manager Script Dispatcher Service...
2021-02-01T14:37:08.720291+05:30 hpcsa3-srv systemd: Started Network Manager Script Dispatcher Service.
2021-02-01T14:40:01.860939+05:30 hpcsa3-srv systemd: Started Session 346 of user root.
2021-02-01T14:47:14.008186+05:30 hpcsa3-srv systemd: Starting Network Manager Script Dispatcher Service...
2021-02-01T14:47:14.013715+05:30 hpcsa3-srv systemd: Started Network Manager Script Dispatcher Service.
2021-02-01T14:50:01.888366+05:30 hpcsa3-srv systemd: Started Session 347 of user root.
2021-02-01T14:51:53.295953+05:30 hpcsa3-srv systemd: Starting Network Manager Script Dispatcher Service...
2021-02-01T14:51:53.301295+05:30 hpcsa3-srv systemd: Started Network Manager Script Dispatcher Service.
2021-02-01T14:58:31.138175+05:30 hpcsa3-srv systemd: Starting Network Manager Script Dispatcher Service...
2021-02-01T14:58:31.144194+05:30 hpcsa3-srv systemd: Started Network Manager Script Dispatcher Service.
2021-02-01T15:00:01.920237+05:30 hpcsa3-srv systemd: Started Session 348 of user root.
2021-02-01T15:01:01.942641+05:30 hpcsa3-srv systemd: Started Session 349 of user root.
2021-02-01T15:04:18.054830+05:30 hpcsa3-srv systemd: Starting Network Manager Script Dispatcher Service...
2021-02-01T15:04:18.061041+05:30 hpcsa3-srv systemd: Started Network Manager Script Dispatcher Service.
2021-02-01T15:10:01.979275+05:30 hpcsa3-srv systemd: Started Session 350 of user root.
2021-02-01T15:11:19.779337+05:30 hpcsa3-srv systemd: Starting Network Manager Script Dispatcher Service...
2021-02-01T15:11:19.785673+05:30 hpcsa3-srv systemd: Started Network Manager Script Dispatcher Service.
2021-02-01T15:16:13.754686+05:30 hpcsa3-srv systemd: Starting Network Manager Script Dispatcher Service...
2021-02-01T15:16:13.760657+05:30 hpcsa3-srv systemd: Started Network Manager Script Dispatcher Service.
2021-02-01T15:19:11.960232+05:30 hpcsa3-srv systemd: Started Session 351 of user root.
2021-02-01T15:19:12.014366+05:30 hpcsa3-srv systemd: Started Session 352 of user root.
2021-02-01T15:20:02.007108+05:30 hpcsa3-srv systemd: Started Session 353 of user root.
2021-02-01T15:26:00.619448+05:30 hpcsa3-srv systemd: Starting Network Manager Script Dispatcher Service...
2021-02-01T15:26:00.625916+05:30 hpcsa3-srv systemd: Started Network Manager Script Dispatcher Service.
2021-02-01T15:30:01.036140+05:30 hpcsa3-srv systemd: Started Session 354 of user root.
2021-02-01T15:30:59.489317+05:30 hpcsa3-srv systemd: Starting Network Manager Script Dispatcher Service...
2021-02-01T15:30:59.495278+05:30 hpcsa3-srv systemd: Started Network Manager Script Dispatcher Service.
2021-02-01T15:40:01.067371+05:30 hpcsa3-srv systemd: Started Session 355 of user root.
2021-02-01T15:40:14.976658+05:30 hpcsa3-srv systemd: Starting Network Manager Script Dispatcher Service...
2021-02-01T15:40:14.982606+05:30 hpcsa3-srv systemd: Started Network Manager Script Dispatcher Service.
2021-02-01T15:45:36.794382+05:30 hpcsa3-srv systemd: Starting Network Manager Script Dispatcher Service...
2021-02-01T15:45:36.800809+05:30 hpcsa3-srv systemd: Started Network Manager Script Dispatcher Service.
2021-02-01T15:50:01.103625+05:30 hpcsa3-srv systemd: Started Session 356 of user root.
2021-02-01T15:54:44.723110+05:30 hpcsa3-srv systemd: Starting Network Manager Script Dispatcher Service...
2021-02-01T15:54:44.734220+05:30 hpcsa3-srv systemd: Started Network Manager Script Dispatcher Service.
2021-02-01T15:58:23.090793+05:30 hpcsa3-srv systemd: Starting Network Manager Script Dispatcher Service...
2021-02-01T15:58:23.096164+05:30 hpcsa3-srv systemd: Started Network Manager Script Dispatcher Service.
2021-02-01T16:00:01.132620+05:30 hpcsa3-srv systemd: Started Session 357 of user root.
2021-02-01T16:01:01.154406+05:30 hpcsa3-srv systemd: Started Session 358 of user root.
2021-02-01T16:09:31.717301+05:30 hpcsa3-srv systemd: Starting Network Manager Script Dispatcher Service...
2021-02-01T16:09:31.722283+05:30 hpcsa3-srv systemd: Started Network Manager Script Dispatcher Service.
2021-02-01T16:10:01.192575+05:30 hpcsa3-srv systemd: Started Session 359 of user root.
2021-02-01T16:11:33.395836+05:30 hpcsa3-srv systemd: Starting Network Manager Script Dispatcher Service...
2021-02-01T16:11:33.401497+05:30 hpcsa3-srv systemd: Started Network Manager Script Dispatcher Service.
2021-02-01T16:20:01.221170+05:30 hpcsa3-srv systemd: Started Session 360 of user root.
2021-02-01T16:21:51.199234+05:30 hpcsa3-srv systemd: Starting Network Manager Script Dispatcher Service...
2021-02-01T16:21:51.200371+05:30 hpcsa3-srv systemd: Started Network Manager Script Dispatcher Service.
2021-02-01T16:24:22.282875+05:30 hpcsa3-srv systemd: Starting Network Manager Script Dispatcher Service...
2021-02-01T16:24:22.288706+05:30 hpcsa3-srv systemd: Started Network Manager Script Dispatcher Service.
2021-02-01T16:30:01.249765+05:30 hpcsa3-srv systemd: Started Session 361 of user root.
2021-02-01T16:34:59.444304+05:30 hpcsa3-srv systemd: Starting Network Manager Script Dispatcher Service...
2021-02-01T16:34:59.450237+05:30 hpcsa3-srv systemd: Started Network Manager Script Dispatcher Service.
2021-02-01T16:38:31.332520+05:30 hpcsa3-srv systemd: Starting Network Manager Script Dispatcher Service...
2021-02-01T16:38:31.338039+05:30 hpcsa3-srv systemd: Started Network Manager Script Dispatcher Service.
2021-02-01T16:40:01.277865+05:30 hpcsa3-srv systemd: Started Session 362 of user root.
2021-02-01T16:50:00.714106+05:30 hpcsa3-srv systemd: Starting Network Manager Script Dispatcher Service...
2021-02-01T16:50:00.721786+05:30 hpcsa3-srv systemd: Started Network Manager Script Dispatcher Service.
2021-02-01T16:50:01.322017+05:30 hpcsa3-srv systemd: Started Session 363 of user root.
2021-02-01T16:52:27.989965+05:30 hpcsa3-srv systemd: Starting Network Manager Script Dispatcher Service...
2021-02-01T16:52:27.995669+05:30 hpcsa3-srv systemd: Started Network Manager Script Dispatcher Service.
2021-02-01T17:00:01.352946+05:30 hpcsa3-srv systemd: Started Session 364 of user root.
2021-02-01T17:01:01.375360+05:30 hpcsa3-srv systemd: Started Session 365 of user root.
2021-02-01T17:02:59.373195+05:30 hpcsa3-srv systemd: Starting Network Manager Script Dispatcher Service...
2021-02-01T17:02:59.378813+05:30 hpcsa3-srv systemd: Started Network Manager Script Dispatcher Service.
2021-02-01T17:06:17.491385+05:30 hpcsa3-srv systemd: Starting Network Manager Script Dispatcher Service...
2021-02-01T17:06:17.497422+05:30 hpcsa3-srv systemd: Started Network Manager Script Dispatcher Service.
2021-02-01T17:10:01.413124+05:30 hpcsa3-srv systemd: Started Session 366 of user root.
2021-02-01T17:14:36.546609+05:30 hpcsa3-srv systemd: Starting Cleanup of Temporary Directories...
2021-02-01T17:14:36.555744+05:30 hpcsa3-srv systemd: Started Cleanup of Temporary Directories.
2021-02-01T17:15:36.473018+05:30 hpcsa3-srv systemd: Starting Network Manager Script Dispatcher Service...
2021-02-01T17:15:36.478431+05:30 hpcsa3-srv systemd: Started Network Manager Script Dispatcher Service.
2021-02-01T17:19:10.407247+05:30 hpcsa3-srv systemd: Starting Network Manager Script Dispatcher Service...
2021-02-01T17:19:10.413012+05:30 hpcsa3-srv systemd: Started Network Manager Script Dispatcher Service.
2021-02-01T17:20:01.440870+05:30 hpcsa3-srv systemd: Started Session 367 of user root.
2021-02-01T17:27:27.707998+05:30 hpcsa3-srv systemd: Starting Network Manager Script Dispatcher Service...
2021-02-01T17:27:27.713886+05:30 hpcsa3-srv systemd: Started Network Manager Script Dispatcher Service.
2021-02-01T17:30:01.467553+05:30 hpcsa3-srv systemd: Started Session 368 of user root.
2021-02-01T17:30:40.776053+05:30 hpcsa3-srv systemd: Starting Network Manager Script Dispatcher Service...
2021-02-01T17:30:40.781353+05:30 hpcsa3-srv systemd: Started Network Manager Script Dispatcher Service.
2021-02-01T17:39:13.671562+05:30 hpcsa3-srv systemd: Starting Network Manager Script Dispatcher Service...
2021-02-01T17:39:13.676484+05:30 hpcsa3-srv systemd: Started Network Manager Script Dispatcher Service.
2021-02-01T17:40:01.495459+05:30 hpcsa3-srv systemd: Started Session 369 of user root.
2021-02-01T17:42:31.442124+05:30 hpcsa3-srv systemd: Starting Network Manager Script Dispatcher Service...
2021-02-01T17:42:31.447564+05:30 hpcsa3-srv systemd: Started Network Manager Script Dispatcher Service.
2021-02-01T17:50:01.540433+05:30 hpcsa3-srv systemd: Started Session 370 of user root.
2021-02-01T17:52:19.320216+05:30 hpcsa3-srv systemd: Starting Network Manager Script Dispatcher Service...
2021-02-01T17:52:19.325608+05:30 hpcsa3-srv systemd: Started Network Manager Script Dispatcher Service.
2021-02-01T17:55:06.564093+05:30 hpcsa3-srv systemd: Starting Network Manager Script Dispatcher Service...
2021-02-01T17:55:06.569932+05:30 hpcsa3-srv systemd: Started Network Manager Script Dispatcher Service.
2021-02-01T18:00:01.598302+05:30 hpcsa3-srv systemd: Started Session 371 of user root.
2021-02-01T18:01:01.697492+05:30 hpcsa3-srv systemd: Started Session 372 of user root.
2021-02-01T18:07:06.064540+05:30 hpcsa3-srv systemd: Starting Network Manager Script Dispatcher Service...
2021-02-01T18:07:06.070509+05:30 hpcsa3-srv systemd: Started Network Manager Script Dispatcher Service.
2021-02-01T18:08:36.703725+05:30 hpcsa3-srv systemd: Starting Network Manager Script Dispatcher Service...
2021-02-01T18:08:36.709941+05:30 hpcsa3-srv systemd: Started Network Manager Script Dispatcher Service.
2021-02-01T18:10:01.989479+05:30 hpcsa3-srv systemd: Started Session 373 of user root.
2021-02-01T18:20:01.023478+05:30 hpcsa3-srv systemd: Started Session 374 of user root.
2021-02-01T18:20:16.362393+05:30 hpcsa3-srv systemd: Starting Network Manager Script Dispatcher Service...
2021-02-01T18:20:16.368641+05:30 hpcsa3-srv systemd: Started Network Manager Script Dispatcher Service.
2021-02-01T18:21:51.600340+05:30 hpcsa3-srv systemd: Starting Network Manager Script Dispatcher Service...
2021-02-01T18:21:51.606897+05:30 hpcsa3-srv systemd: Started Network Manager Script Dispatcher Service.
2021-02-01T18:30:01.835447+05:30 hpcsa3-srv systemd: Started Session 375 of user root.
2021-02-01T18:31:57.163486+05:30 hpcsa3-srv systemd: Starting Network Manager Script Dispatcher Service...
2021-02-01T18:31:57.169748+05:30 hpcsa3-srv systemd: Started Network Manager Script Dispatcher Service.
2021-02-01T18:35:37.905389+05:30 hpcsa3-srv systemd: Starting Network Manager Script Dispatcher Service...
2021-02-01T18:35:37.911341+05:30 hpcsa3-srv systemd: Started Network Manager Script Dispatcher Service.
2021-02-01T18:40:01.867529+05:30 hpcsa3-srv systemd: Started Session 376 of user root.
2021-02-01T18:44:42.633430+05:30 hpcsa3-srv systemd: Starting Network Manager Script Dispatcher Service...
2021-02-01T18:44:42.639140+05:30 hpcsa3-srv systemd: Started Network Manager Script Dispatcher Service.
2021-02-01T18:46:16.268178+05:30 hpcsa3-srv systemd: Started Session 377 of user root.
2021-02-01T18:46:16.332395+05:30 hpcsa3-srv systemd: Started Session 378 of user root.
2021-02-01T18:48:29.270660+05:30 hpcsa3-srv systemd: Starting Network Manager Script Dispatcher Service...
2021-02-01T18:48:29.281033+05:30 hpcsa3-srv systemd: Started Network Manager Script Dispatcher Service.
2021-02-01T18:49:37.925312+05:30 hpcsa3-srv systemd: Started Session 379 of user root.
2021-02-01T18:50:01.925450+05:30 hpcsa3-srv systemd: Started Session 380 of user root.
2021-02-01T18:56:41.598698+05:30 hpcsa3-srv systemd: Starting Network Manager Script Dispatcher Service...
2021-02-01T18:56:41.607873+05:30 hpcsa3-srv systemd: Started Network Manager Script Dispatcher Service.
2021-02-01T19:00:02.149315+05:30 hpcsa3-srv systemd: Started Session 381 of user root.
2021-02-01T19:01:01.171793+05:30 hpcsa3-srv systemd: Started Session 382 of user root.
2021-02-01T19:03:10.242029+05:30 hpcsa3-srv systemd: Starting Network Manager Script Dispatcher Service...
2021-02-01T19:03:10.247487+05:30 hpcsa3-srv systemd: Started Network Manager Script Dispatcher Service.
2021-02-01T19:09:46.602616+05:30 hpcsa3-srv systemd: Starting Network Manager Script Dispatcher Service...
2021-02-01T19:09:46.607750+05:30 hpcsa3-srv systemd: Started Network Manager Script Dispatcher Service.
2021-02-01T19:10:01.208911+05:30 hpcsa3-srv systemd: Started Session 383 of user root.
2021-02-01T19:14:51.782068+05:30 hpcsa3-srv systemd: Starting Network Manager Script Dispatcher Service...
2021-02-01T19:14:51.793033+05:30 hpcsa3-srv systemd: Started Network Manager Script Dispatcher Service.
2021-02-01T19:20:01.236614+05:30 hpcsa3-srv systemd: Started Session 384 of user root.
2021-02-01T19:24:40.852770+05:30 hpcsa3-srv systemd: Starting Network Manager Script Dispatcher Service...
2021-02-01T19:24:40.858045+05:30 hpcsa3-srv systemd: Started Network Manager Script Dispatcher Service.
2021-02-01T19:28:27.262739+05:30 hpcsa3-srv systemd: Starting Network Manager Script Dispatcher Service...
2021-02-01T19:28:27.268960+05:30 hpcsa3-srv systemd: Started Network Manager Script Dispatcher Service.
2021-02-01T19:30:02.383059+05:30 hpcsa3-srv systemd: Started Session 385 of user root.
2021-02-01T19:37:14.929346+05:30 hpcsa3-srv systemd: Starting Network Manager Script Dispatcher Service...
2021-02-01T19:37:14.935042+05:30 hpcsa3-srv systemd: Started Network Manager Script Dispatcher Service.
2021-02-01T19:39:48.991400+05:30 hpcsa3-srv systemd: Starting Network Manager Script Dispatcher Service...
2021-02-01T19:39:48.997410+05:30 hpcsa3-srv systemd: Started Network Manager Script Dispatcher Service.
2021-02-01T19:40:01.411783+05:30 hpcsa3-srv systemd: Started Session 386 of user root.
2021-02-01T19:50:01.766149+05:30 hpcsa3-srv systemd: Started Session 387 of user root.
2021-02-01T19:51:58.854172+05:30 hpcsa3-srv systemd: Starting Network Manager Script Dispatcher Service...
2021-02-01T19:51:58.875899+05:30 hpcsa3-srv systemd: Started Network Manager Script Dispatcher Service.
2021-02-01T20:00:01.984682+05:30 hpcsa3-srv systemd: Started Session 388 of user root.
2021-02-01T20:01:02.007475+05:30 hpcsa3-srv systemd: Started Session 389 of user root.
2021-02-01T20:05:04.478706+05:30 hpcsa3-srv systemd: Starting Network Manager Script Dispatcher Service...
2021-02-01T20:05:04.484493+05:30 hpcsa3-srv systemd: Started Network Manager Script Dispatcher Service.
2021-02-01T20:05:25.366662+05:30 hpcsa3-srv systemd: Starting Network Manager Script Dispatcher Service...
2021-02-01T20:05:25.372532+05:30 hpcsa3-srv systemd: Started Network Manager Script Dispatcher Service.
2021-02-01T20:08:06.556718+05:30 hpcsa3-srv systemd: Starting Network Manager Script Dispatcher Service...
2021-02-01T20:08:06.562453+05:30 hpcsa3-srv systemd: Started Network Manager Script Dispatcher Service.
2021-02-01T20:10:01.043880+05:30 hpcsa3-srv systemd: Started Session 390 of user root.
2021-02-01T20:10:33.492690+05:30 hpcsa3-srv systemd: Removed slice User Slice of root.
2021-02-01T20:17:30.805955+05:30 hpcsa3-srv systemd: Starting Network Manager Script Dispatcher Service...
2021-02-01T20:17:30.810858+05:30 hpcsa3-srv systemd: Started Network Manager Script Dispatcher Service.
2021-02-01T20:17:51.155628+05:30 hpcsa3-srv systemd: Starting Network Manager Script Dispatcher Service...
2021-02-01T20:17:51.161236+05:30 hpcsa3-srv systemd: Started Network Manager Script Dispatcher Service.
2021-02-01T20:20:01.073845+05:30 hpcsa3-srv systemd: Created slice User Slice of root.
2021-02-01T20:20:01.076393+05:30 hpcsa3-srv systemd: Started Session 391 of user root.
2021-02-01T20:20:01.093995+05:30 hpcsa3-srv systemd: Removed slice User Slice of root.
2021-02-01T20:30:01.106513+05:30 hpcsa3-srv systemd: Created slice User Slice of root.
2021-02-01T20:30:01.108358+05:30 hpcsa3-srv systemd: Started Session 392 of user root.
2021-02-01T20:30:01.121942+05:30 hpcsa3-srv systemd: Removed slice User Slice of root.
2021-02-01T20:30:28.481623+05:30 hpcsa3-srv systemd: Starting Network Manager Script Dispatcher Service...
2021-02-01T20:30:28.487424+05:30 hpcsa3-srv systemd: Started Network Manager Script Dispatcher Service.
2021-02-01T20:30:43.724037+05:30 hpcsa3-srv systemd: Starting Network Manager Script Dispatcher Service...
2021-02-01T20:30:43.729903+05:30 hpcsa3-srv systemd: Started Network Manager Script Dispatcher Service.
2021-02-01T20:40:01.138657+05:30 hpcsa3-srv systemd: Created slice User Slice of root.
2021-02-01T20:40:01.140735+05:30 hpcsa3-srv systemd: Started Session 393 of user root.
2021-02-01T20:40:01.155553+05:30 hpcsa3-srv systemd: Removed slice User Slice of root.
2021-02-01T20:42:38.585556+05:30 hpcsa3-srv systemd: Starting Network Manager Script Dispatcher Service...
2021-02-01T20:42:38.591738+05:30 hpcsa3-srv systemd: Started Network Manager Script Dispatcher Service.
2021-02-01T20:44:05.581283+05:30 hpcsa3-srv systemd: Starting Network Manager Script Dispatcher Service...
2021-02-01T20:44:05.586590+05:30 hpcsa3-srv systemd: Started Network Manager Script Dispatcher Service.
2021-02-01T20:50:01.169106+05:30 hpcsa3-srv systemd: Created slice User Slice of root.
2021-02-01T20:50:01.171086+05:30 hpcsa3-srv systemd: Started Session 394 of user root.
2021-02-01T20:50:01.186262+05:30 hpcsa3-srv systemd: Removed slice User Slice of root.
2021-02-01T20:56:22.722778+05:30 hpcsa3-srv systemd: Starting Network Manager Script Dispatcher Service...
2021-02-01T20:56:22.733701+05:30 hpcsa3-srv systemd: Started Network Manager Script Dispatcher Service.
2021-02-01T20:57:54.457554+05:30 hpcsa3-srv systemd: Starting Network Manager Script Dispatcher Service...
2021-02-01T20:57:54.462840+05:30 hpcsa3-srv systemd: Started Network Manager Script Dispatcher Service.
2021-02-01T21:00:01.203716+05:30 hpcsa3-srv systemd: Created slice User Slice of root.
2021-02-01T21:00:01.205885+05:30 hpcsa3-srv systemd: Started Session 395 of user root.
2021-02-01T21:00:01.218611+05:30 hpcsa3-srv systemd: Removed slice User Slice of root.
2021-02-01T21:01:01.227639+05:30 hpcsa3-srv systemd: Created slice User Slice of root.
2021-02-01T21:01:01.229614+05:30 hpcsa3-srv systemd: Started Session 396 of user root.
2021-02-01T21:01:01.251874+05:30 hpcsa3-srv systemd: Removed slice User Slice of root.
2021-02-01T21:08:12.853763+05:30 hpcsa3-srv systemd: Starting Network Manager Script Dispatcher Service...
2021-02-01T21:08:12.859518+05:30 hpcsa3-srv systemd: Started Network Manager Script Dispatcher Service.
2021-02-01T21:10:01.267579+05:30 hpcsa3-srv systemd: Created slice User Slice of root.
2021-02-01T21:10:01.269148+05:30 hpcsa3-srv systemd: Started Session 397 of user root.
2021-02-01T21:10:01.284807+05:30 hpcsa3-srv systemd: Removed slice User Slice of root.
2021-02-01T21:10:55.436599+05:30 hpcsa3-srv systemd: Starting Network Manager Script Dispatcher Service...
2021-02-01T21:10:55.442153+05:30 hpcsa3-srv systemd: Started Network Manager Script Dispatcher Service.
2021-02-01T21:20:01.301345+05:30 hpcsa3-srv systemd: Created slice User Slice of root.
2021-02-01T21:20:01.303617+05:30 hpcsa3-srv systemd: Started Session 398 of user root.
2021-02-01T21:20:01.319911+05:30 hpcsa3-srv systemd: Removed slice User Slice of root.
2021-02-01T21:21:49.905676+05:30 hpcsa3-srv systemd: Starting Network Manager Script Dispatcher Service...
2021-02-01T21:21:49.911784+05:30 hpcsa3-srv systemd: Started Network Manager Script Dispatcher Service.
2021-02-01T21:24:02.103555+05:30 hpcsa3-srv systemd: Starting Network Manager Script Dispatcher Service...
2021-02-01T21:24:02.109433+05:30 hpcsa3-srv systemd: Started Network Manager Script Dispatcher Service.
2021-02-01T21:30:01.336898+05:30 hpcsa3-srv systemd: Created slice User Slice of root.
2021-02-01T21:30:01.339056+05:30 hpcsa3-srv systemd: Started Session 399 of user root.
2021-02-01T21:30:01.352464+05:30 hpcsa3-srv systemd: Removed slice User Slice of root.
2021-02-01T21:36:03.828857+05:30 hpcsa3-srv systemd: Starting Network Manager Script Dispatcher Service...
2021-02-01T21:36:03.834396+05:30 hpcsa3-srv systemd: Started Network Manager Script Dispatcher Service.
2021-02-01T21:36:31.926165+05:30 hpcsa3-srv systemd: Starting Network Manager Script Dispatcher Service...
2021-02-01T21:36:31.932166+05:30 hpcsa3-srv systemd: Started Network Manager Script Dispatcher Service.
2021-02-01T21:38:13.179955+05:30 hpcsa3-srv systemd: Created slice User Slice of root.
2021-02-01T21:38:13.184650+05:30 hpcsa3-srv systemd: Started Session 400 of user root.
2021-02-01T21:38:13.301429+05:30 hpcsa3-srv systemd: Started Session 401 of user root.
2021-02-01T21:40:01.368046+05:30 hpcsa3-srv systemd: Started Session 402 of user root.
2021-02-01T21:48:00.025819+05:30 hpcsa3-srv systemd: Starting Network Manager Script Dispatcher Service...
2021-02-01T21:48:00.031837+05:30 hpcsa3-srv systemd: Started Network Manager Script Dispatcher Service.
2021-02-01T21:49:00.659454+05:30 hpcsa3-srv systemd: Starting Network Manager Script Dispatcher Service...
2021-02-01T21:49:00.665381+05:30 hpcsa3-srv systemd: Started Network Manager Script Dispatcher Service.
2021-02-01T21:50:01.398076+05:30 hpcsa3-srv systemd: Started Session 403 of user root.
2021-02-01T22:00:01.422354+05:30 hpcsa3-srv systemd: Started Session 404 of user root.
2021-02-01T22:00:45.146860+05:30 hpcsa3-srv systemd: Starting Network Manager Script Dispatcher Service...
2021-02-01T22:00:45.152366+05:30 hpcsa3-srv systemd: Started Network Manager Script Dispatcher Service.
2021-02-01T22:01:01.444973+05:30 hpcsa3-srv systemd: Started Session 405 of user root.
2021-02-01T22:01:25.825788+05:30 hpcsa3-srv systemd: Starting Network Manager Script Dispatcher Service...
2021-02-01T22:01:25.831276+05:30 hpcsa3-srv systemd: Started Network Manager Script Dispatcher Service.
2021-02-01T22:10:01.483802+05:30 hpcsa3-srv systemd: Started Session 406 of user root.
2021-02-01T22:14:28.419695+05:30 hpcsa3-srv systemd: Starting Network Manager Script Dispatcher Service...
2021-02-01T22:14:28.424927+05:30 hpcsa3-srv systemd: Started Network Manager Script Dispatcher Service.
2021-02-01T22:15:05.956512+05:30 hpcsa3-srv systemd: Starting Network Manager Script Dispatcher Service...
2021-02-01T22:15:05.962283+05:30 hpcsa3-srv systemd: Started Network Manager Script Dispatcher Service.
2021-02-01T22:20:01.512083+05:30 hpcsa3-srv systemd: Started Session 407 of user root.
2021-02-01T22:28:34.400358+05:30 hpcsa3-srv systemd: Starting Network Manager Script Dispatcher Service...
2021-02-01T22:28:34.406560+05:30 hpcsa3-srv systemd: Started Network Manager Script Dispatcher Service.
2021-02-01T22:29:42.059764+05:30 hpcsa3-srv systemd: Starting Network Manager Script Dispatcher Service...
2021-02-01T22:29:42.065640+05:30 hpcsa3-srv systemd: Started Network Manager Script Dispatcher Service.
2021-02-01T22:30:01.540818+05:30 hpcsa3-srv systemd: Started Session 408 of user root.
2021-02-01T22:40:01.570359+05:30 hpcsa3-srv systemd: Started Session 409 of user root.
2021-02-01T22:41:59.551499+05:30 hpcsa3-srv systemd: Starting Network Manager Script Dispatcher Service...
2021-02-01T22:41:59.557198+05:30 hpcsa3-srv systemd: Started Network Manager Script Dispatcher Service.
2021-02-01T22:43:13.114289+05:30 hpcsa3-srv systemd: Starting Network Manager Script Dispatcher Service...
2021-02-01T22:43:13.120055+05:30 hpcsa3-srv systemd: Started Network Manager Script Dispatcher Service.
2021-02-01T22:50:01.601900+05:30 hpcsa3-srv systemd: Started Session 410 of user root.
2021-02-01T22:53:35.596169+05:30 hpcsa3-srv systemd: Starting Network Manager Script Dispatcher Service...
2021-02-01T22:53:35.602094+05:30 hpcsa3-srv systemd: Started Network Manager Script Dispatcher Service.
2021-02-01T22:57:27.287812+05:30 hpcsa3-srv systemd: Starting Network Manager Script Dispatcher Service...
2021-02-01T22:57:27.294731+05:30 hpcsa3-srv systemd: Started Network Manager Script Dispatcher Service.
2021-02-01T23:00:01.632469+05:30 hpcsa3-srv systemd: Started Session 411 of user root.
2021-02-01T23:01:01.654119+05:30 hpcsa3-srv systemd: Started Session 412 of user root.
2021-02-01T23:08:13.844862+05:30 hpcsa3-srv systemd: Starting Network Manager Script Dispatcher Service...
2021-02-01T23:08:13.850907+05:30 hpcsa3-srv systemd: Started Network Manager Script Dispatcher Service.
2021-02-01T23:10:01.690686+05:30 hpcsa3-srv systemd: Started Session 413 of user root.
2021-02-01T23:11:00.118542+05:30 hpcsa3-srv systemd: Starting Network Manager Script Dispatcher Service...
2021-02-01T23:11:00.124310+05:30 hpcsa3-srv systemd: Started Network Manager Script Dispatcher Service.
2021-02-01T23:19:42.820347+05:30 hpcsa3-srv systemd: Starting Network Manager Script Dispatcher Service...
2021-02-01T23:19:42.826243+05:30 hpcsa3-srv systemd: Started Network Manager Script Dispatcher Service.
2021-02-01T23:20:01.719082+05:30 hpcsa3-srv systemd: Started Session 414 of user root.
2021-02-01T23:24:52.716058+05:30 hpcsa3-srv systemd: Starting Network Manager Script Dispatcher Service...
2021-02-01T23:24:52.721767+05:30 hpcsa3-srv systemd: Started Network Manager Script Dispatcher Service.
2021-02-01T23:30:01.747531+05:30 hpcsa3-srv systemd: Started Session 415 of user root.
2021-02-01T23:31:57.804037+05:30 hpcsa3-srv systemd: Starting Network Manager Script Dispatcher Service...
2021-02-01T23:31:57.809877+05:30 hpcsa3-srv systemd: Started Network Manager Script Dispatcher Service.
2021-02-01T23:37:13.743030+05:30 hpcsa3-srv systemd: Starting Network Manager Script Dispatcher Service...
2021-02-01T23:37:13.748780+05:30 hpcsa3-srv systemd: Started Network Manager Script Dispatcher Service.
2021-02-01T23:40:01.776582+05:30 hpcsa3-srv systemd: Started Session 416 of user root.
2021-02-01T23:43:27.538347+05:30 hpcsa3-srv systemd: Starting Network Manager Script Dispatcher Service...
2021-02-01T23:43:27.543906+05:30 hpcsa3-srv systemd: Started Network Manager Script Dispatcher Service.
2021-02-01T23:50:01.803332+05:30 hpcsa3-srv systemd: Started Session 417 of user root.
2021-02-01T23:51:03.413472+05:30 hpcsa3-srv systemd: Starting Network Manager Script Dispatcher Service...
2021-02-01T23:51:03.419480+05:30 hpcsa3-srv systemd: Started Network Manager Script Dispatcher Service.
2021-02-01T23:53:01.842085+05:30 hpcsa3-srv systemd: Started Session 418 of user root.
2021-02-01T23:58:08.142942+05:30 hpcsa3-srv systemd: Starting Network Manager Script Dispatcher Service...
2021-02-01T23:58:08.148634+05:30 hpcsa3-srv systemd: Started Network Manager Script Dispatcher Service.
